<?xml version="1.0"?>
<!DOCTYPE coverage SYSTEM 'http://cobertura.sourceforge.net/xml/coverage-04.dtd'>
<coverage lines-covered="10" lines-valid="11" line-rate="0.9090909090909091" branches-covered="0" branches-valid="0" branch-rate="0" complexity="0" version="1.9" timestamp="1644740571">
    <sources>
        <source>/Users/currypseudo/Dev/rust-coverage</source>
    </sources>
    <packages>
        <package name="src/lib.rs" line-rate="0.9090909090909091" branch-rate="0" complexity="0">
            <classes>
                <class name="lib" filename="src/lib.rs" line-rate="0.9090909090909091" branch-rate="0" complexity="0">
                    <methods>
                        <method name="rust_coverage::fibonacci_work" signature="" line-rate="1" branch-rate="0" complexity="0">
                            <lines>
                                <line number="19" hits="1">
                                </line>
                                <line number="20" hits="1">
                                </line>
                                <line number="21" hits="1">
                                </line>
                            </lines>
                        </method>
                        <method name="rust_coverage::fibonacci_work::{closure#0}" signature="" line-rate="1" branch-rate="0" complexity="0">
                            <lines>
                                <line number="18" hits="1">
                                </line>
                            </lines>
                        </method>
                        <method name="rust_coverage::fibonacci" signature="" line-rate="0.8333333333333334" branch-rate="0" complexity="0">
                            <lines>
                                <line number="10" hits="88">
                                </line>
                                <line number="11" hits="34">
                                </line>
                                <line number="12" hits="55">
                                </line>
                                <line number="13" hits="88">
                                </line>
                                <line number="14" hits="0">
                                </line>
                                <line number="16" hits="177">
                                </line>
                            </lines>
                        </method>
                        <method name="rust_coverage::main" signature="" line-rate="1" branch-rate="0" complexity="0">
                            <lines>
                                <line number="1" hits="1">
                                </line>
                            </lines>
                        </method>
                    </methods>
                    <lines>
                        <line number="1" hits="1">
                        </line>
                        <line number="10" hits="88">
                        </line>
                        <line number="11" hits="34">
                        </line>
                        <line number="12" hits="55">
                        </line>
                        <line number="13" hits="88">
                        </line>
                        <line number="14" hits="0">
                        </line>
                        <line number="16" hits="177">
                        </line>
                        <line number="18" hits="1">
                        </line>
                        <line number="19" hits="1">
                        </line>
                        <line number="20" hits="1">
                        </line>
                        <line number="21" hits="1">
                        </line>
                    </lines>
                </class>
            </classes>
        </package>
    </packages>
</coverage>